<?xml version="1.0" encoding="UTF-8"?>
<!-- Generated by org.testng.reporters.JUnitReportReporter -->
<testsuite hostname="AKASH_N" failures="0" tests="2" name="com.qa.tests.LoginTest" time="0.001" errors="0" timestamp="2025-06-05T23:55:54 IST" skipped="0">
  <testcase classname="com.qa.tests.LoginTest" name="loginNaukriTest" time="0.001"/>
  <testcase classname="com.qa.tests.LoginTest" name="loginNaukriTest1" time="0.000"/>
</testsuite> <!-- com.qa.tests.LoginTest -->
